This is pdfTeX, Version 3.14159265-2.6-1.40.16 (TeX Live 2015) (preloaded format=pdflatex 2016.3.19)  29 APR 2016 22:58
entering extended mode
 restricted \write18 enabled.
 %&-line parsing enabled.
**chapter02.tex
(./chapter02.tex
LaTeX2e <2015/01/01>
Babel <3.9l> and hyphenation patterns for 79 languages loaded.
! Undefined control sequence.
l.1 \section
            {Áõ∏ÂÖ≥Â∑•‰Ωú}
The control sequence at the end of the top line
of your error message was never \def'ed. If you have
misspelled it (e.g., `\hobx'), type `I' and the correct
spelling (e.g., `I\hbox'). Otherwise just continue,
and I'll forget about whatever was undefined.


! LaTeX Error: Missing \begin{document}.

See the LaTeX manual or LaTeX Companion for explanation.
Type  H <return>  for immediate help.
 ...                                              
                                                  
l.1 \section{Á
              õ∏ÂÖ≥Â∑•‰Ωú}
You're in trouble here.  Try typing  <return>  to proceed.
If that doesn't work, type  X <return>  to quit.

Missing character: There is no Á in font nullfont!
Missing character: There is no õ in font nullfont!
Missing character: There is no ∏ in font nullfont!
Missing character: There is no Â in font nullfont!
Missing character: There is no Ö in font nullfont!
Missing character: There is no ≥ in font nullfont!
Missing character: There is no Â in font nullfont!
Missing character: There is no ∑ in font nullfont!
Missing character: There is no • in font nullfont!
Missing character: There is no ‰ in font nullfont!
Missing character: There is no Ω in font nullfont!
Missing character: There is no ú in font nullfont!
! Undefined control sequence.
l.2 \subsection
               {Á®ÄÁñèË°®Á§∫}
The control sequence at the end of the top line
of your error message was never \def'ed. If you have
misspelled it (e.g., `\hobx'), type `I' and the correct
spelling (e.g., `I\hbox'). Otherwise just continue,
and I'll forget about whatever was undefined.

Missing character: There is no Á in font nullfont!
Missing character: There is no ® in font nullfont!
Missing character: There is no Ä in font nullfont!
Missing character: There is no Á in font nullfont!
Missing character: There is no ñ in font nullfont!
Missing character: There is no è in font nullfont!
Missing character: There is no Ë in font nullfont!
Missing character: There is no ° in font nullfont!
Missing character: There is no ® in font nullfont!
Missing character: There is no Á in font nullfont!
Missing character: There is no § in font nullfont!
Missing character: There is no ∫ in font nullfont!
Missing character: There is no ‰ in font nullfont!
Missing character: There is no ø in font nullfont!
Missing character: There is no ° in font nullfont!
Missing character: There is no Â in font nullfont!
Missing character: There is no è in font nullfont!
Missing character: There is no ∑ in font nullfont!
Missing character: There is no Á in font nullfont!
Missing character: There is no ® in font nullfont!
Missing character: There is no Ä in font nullfont!
Missing character: There is no Á in font nullfont!
Missing character: There is no ñ in font nullfont!
Missing character: There is no è in font nullfont!
Missing character: There is no Ë in font nullfont!
Missing character: There is no ° in font nullfont!
Missing character: There is no ® in font nullfont!
Missing character: There is no Á in font nullfont!
Missing character: There is no § in font nullfont!
Missing character: There is no ∫ in font nullfont!
Missing character: There is no Á in font nullfont!
Missing character: There is no ö in font nullfont!
Missing character: There is no Ñ in font nullfont!
Missing character: There is no Ê in font nullfont!
Missing character: There is no ú in font nullfont!
Missing character: There is no Ä in font nullfont!
Missing character: There is no Â in font nullfont!
Missing character: There is no à in font nullfont!
Missing character: There is no ù in font nullfont!
Missing character: There is no Á in font nullfont!
Missing character: There is no õ in font nullfont!
Missing character: There is no Æ in font nullfont!
Missing character: There is no Á in font nullfont!
Missing character: There is no ö in font nullfont!
Missing character: There is no Ñ in font nullfont!
Missing character: There is no Ê in font nullfont!
Missing character: There is no ò in font nullfont!
Missing character: There is no Ø in font nullfont!
Missing character: There is no ‰ in font nullfont!
Missing character: There is no ∏ in font nullfont!
Missing character: There is no ∫ in font nullfont!
Missing character: There is no ‰ in font nullfont!
Missing character: There is no ∫ in font nullfont!
Missing character: There is no Ü in font nullfont!
Missing character: There is no Á in font nullfont!
Missing character: There is no î in font nullfont!
Missing character: There is no ® in font nullfont!
Missing character: There is no Ê in font nullfont!
Missing character: There is no Ø in font nullfont!
Missing character: There is no î in font nullfont!
Missing character: There is no È in font nullfont!
Missing character: There is no ¶ in font nullfont!
Missing character: There is no ô in font nullfont!
Missing character: There is no Â in font nullfont!
Missing character: There is no Ü in font nullfont!
Missing character: There is no ú in font nullfont!
Missing character: There is no Â in font nullfont!
Missing character: There is no Æ in font nullfont!
Missing character: There is no ö in font nullfont!
Missing character: There is no Á in font nullfont!
Missing character: There is no ê in font nullfont!
Missing character: There is no Ü in font nullfont!
Missing character: There is no Ê in font nullfont!
Missing character: There is no õ in font nullfont!
Missing character: There is no ¥ in font nullfont!
Missing character: There is no ‰ in font nullfont!
Missing character: There is no Ω in font nullfont!
Missing character: There is no é in font nullfont!
Missing character: There is no Á in font nullfont!
Missing character: There is no ö in font nullfont!
Missing character: There is no Ñ in font nullfont!
Missing character: There is no È in font nullfont!
Missing character: There is no á in font nullfont!
Missing character: There is no á in font nullfont!
Missing character: There is no Ê in font nullfont!
Missing character: There is no † in font nullfont!
Missing character: There is no ∑ in font nullfont!
Missing character: There is no Á in font nullfont!
Missing character: There is no é in font nullfont!
Missing character: There is no á in font nullfont!
Missing character: There is no Ê in font nullfont!
Missing character: There is no ù in font nullfont!
Missing character: There is no • in font nullfont!
Missing character: There is no Ë in font nullfont!
Missing character: There is no ° in font nullfont!
Missing character: There is no ® in font nullfont!
Missing character: There is no Á in font nullfont!
Missing character: There is no § in font nullfont!
Missing character: There is no ∫ in font nullfont!
Missing character: There is no Â in font nullfont!
Missing character: There is no í in font nullfont!
Missing character: There is no å in font nullfont!
Missing character: There is no Â in font nullfont!
Missing character: There is no é in font nullfont!
Missing character: There is no ã in font nullfont!
Missing character: There is no Á in font nullfont!
Missing character: There is no º in font nullfont!
Missing character: There is no © in font nullfont!
Missing character: There is no ‰ in font nullfont!
Missing character: There is no ø in font nullfont!
Missing character: There is no ° in font nullfont!
Missing character: There is no Â in font nullfont!
Missing character: There is no è in font nullfont!
Missing character: There is no ∑ in font nullfont!
Missing character: There is no [ in font nullfont!
\citation{de2011embedding}
! Undefined control sequence.
<write> ...: Citation `\@citeb ' on page \thepage 
                                                  \space undefined\on@line .
l.3 ...Ë°®Á§∫ÂíåÂéãÁº©‰ø°Âè∑\cite{de2011embedding}
                                                  ,Âú®ËøáÂéªÂá†Âπ¥ÈáåÔºåÁ®ÄÁ...
The control sequence at the end of the top line
of your error message was never \def'ed. If you have
misspelled it (e.g., `\hobx'), type `I' and the correct
spelling (e.g., `I\hbox'). Otherwise just continue,
and I'll forget about whatever was undefined.


LaTeX Warning: Citation `de2011embedding' on page  undefined on input line 3.

Missing character: There is no ] in font nullfont!
Missing character: There is no , in font nullfont!
Missing character: There is no Â in font nullfont!
Missing character: There is no ú in font nullfont!
Missing character: There is no ® in font nullfont!
Missing character: There is no Ë in font nullfont!
Missing character: There is no ø in font nullfont!
Missing character: There is no á in font nullfont!
Missing character: There is no Â in font nullfont!
Missing character: There is no é in font nullfont!
Missing character: There is no ª in font nullfont!
Missing character: There is no Â in font nullfont!
Missing character: There is no á in font nullfont!
Missing character: There is no † in font nullfont!
Missing character: There is no Â in font nullfont!
Missing character: There is no π in font nullfont!
Missing character: There is no ¥ in font nullfont!
Missing character: There is no È in font nullfont!
Missing character: There is no á in font nullfont!
Missing character: There is no å in font nullfont!
Missing character: There is no Ô in font nullfont!
Missing character: There is no º in font nullfont!
Missing character: There is no å in font nullfont!
Missing character: There is no Á in font nullfont!
Missing character: There is no ® in font nullfont!
Missing character: There is no Ä in font nullfont!
Missing character: There is no Á in font nullfont!
Missing character: There is no ñ in font nullfont!
Missing character: There is no è in font nullfont!
Missing character: There is no Ë in font nullfont!
Missing character: There is no ° in font nullfont!
Missing character: There is no ® in font nullfont!
Missing character: There is no Á in font nullfont!
Missing character: There is no § in font nullfont!
Missing character: There is no ∫ in font nullfont!
Missing character: There is no Â in font nullfont!
Missing character: There is no ∑ in font nullfont!
Missing character: There is no ≤ in font nullfont!
Missing character: There is no Á in font nullfont!
Missing character: There is no ª in font nullfont!
Missing character: There is no è in font nullfont!
Missing character: There is no Ë in font nullfont!
Missing character: There is no ¢ in font nullfont!
Missing character: There is no ´ in font nullfont!
Missing character: There is no Á in font nullfont!
Missing character: There is no î in font nullfont!
Missing character: There is no ® in font nullfont!
Missing character: There is no ‰ in font nullfont!
Missing character: There is no ∫ in font nullfont!
Missing character: There is no é in font nullfont!
Missing character: There is no Â in font nullfont!
Missing character: There is no æ in font nullfont!
Missing character: There is no à in font nullfont!
Missing character: There is no Â in font nullfont!
Missing character: There is no § in font nullfont!
Missing character: There is no ö in font nullfont!
Missing character: There is no ‰ in font nullfont!
Missing character: There is no ø in font nullfont!
Missing character: There is no ° in font nullfont!
Missing character: There is no Â in font nullfont!
Missing character: There is no è in font nullfont!
Missing character: There is no ∑ in font nullfont!
Missing character: There is no Â in font nullfont!
Missing character: There is no § in font nullfont!
Missing character: There is no Ñ in font nullfont!
Missing character: There is no Á in font nullfont!
Missing character: There is no ê in font nullfont!
Missing character: There is no Ü in font nullfont!
Missing character: There is no Ô in font nullfont!
Missing character: There is no º in font nullfont!
Missing character: There is no å in font nullfont!
Missing character: There is no Ê in font nullfont!
Missing character: There is no ® in font nullfont!
Missing character: There is no ° in font nullfont!
Missing character: There is no Â in font nullfont!
Missing character: There is no º in font nullfont!
Missing character: There is no è in font nullfont!
Missing character: There is no Ë in font nullfont!
Missing character: There is no Ø in font nullfont!
Missing character: There is no Ü in font nullfont!
Missing character: There is no Â in font nullfont!
Missing character: There is no à in font nullfont!
Missing character: There is no ´ in font nullfont!
Missing character: There is no Á in font nullfont!
Missing character: There is no ö in font nullfont!
Missing character: There is no Ñ in font nullfont!
Missing character: There is no Â in font nullfont!
Missing character: There is no Æ in font nullfont!
Missing character: There is no û in font nullfont!
Missing character: There is no È in font nullfont!
Missing character: There is no ô in font nullfont!
Missing character: There is no Ö in font nullfont!
Missing character: There is no Â in font nullfont!
Missing character: There is no ∫ in font nullfont!
Missing character: There is no î in font nullfont!
Missing character: There is no Á in font nullfont!
Missing character: There is no î in font nullfont!
Missing character: There is no ® in font nullfont!
Missing character: There is no ‰ in font nullfont!
Missing character: There is no ∏ in font nullfont!
Missing character: There is no ≠ in font nullfont!
Missing character: There is no „ in font nullfont!
Missing character: There is no Ä in font nullfont!
Missing character: There is no Ç in font nullfont!
Missing character: There is no ‰ in font nullfont!
Missing character: There is no æ in font nullfont!
Missing character: There is no ã in font nullfont!
Missing character: There is no Â in font nullfont!
Missing character: There is no ¶ in font nullfont!
Missing character: There is no Ç in font nullfont!
Missing character: There is no Ô in font nullfont!
Missing character: There is no º in font nullfont!
Missing character: There is no å in font nullfont!
Missing character: There is no Â in font nullfont!
Missing character: There is no ú in font nullfont!
Missing character: There is no ® in font nullfont!
Missing character: There is no ‰ in font nullfont!
Missing character: There is no ø in font nullfont!
Missing character: There is no ° in font nullfont!
Missing character: There is no Â in font nullfont!
Missing character: There is no è in font nullfont!
Missing character: There is no ∑ in font nullfont!
Missing character: There is no Á in font nullfont!
Missing character: There is no ö in font nullfont!
Missing character: There is no Ñ in font nullfont!
Missing character: There is no Â in font nullfont!
Missing character: There is no õ in font nullfont!
Missing character: There is no æ in font nullfont!
Missing character: There is no Á in font nullfont!
Missing character: There is no â in font nullfont!
Missing character: There is no á in font nullfont!
Missing character: There is no Â in font nullfont!
Missing character: There is no § in font nullfont!
Missing character: There is no Ñ in font nullfont!
Missing character: There is no Á in font nullfont!
Missing character: There is no ê in font nullfont!
Missing character: There is no Ü in font nullfont!
Missing character: There is no È in font nullfont!
Missing character: There is no ¢ in font nullfont!
Missing character: There is no Ü in font nullfont!
Missing character: There is no Â in font nullfont!
Missing character: There is no ü in font nullfont!
Missing character: There is no ü in font nullfont!
Missing character: There is no Ô in font nullfont!
Missing character: There is no º in font nullfont!
Missing character: There is no å in font nullfont!
Missing character: There is no Á in font nullfont!
Missing character: There is no ® in font nullfont!
Missing character: There is no Ä in font nullfont!
Missing character: There is no Á in font nullfont!
Missing character: There is no ñ in font nullfont!
Missing character: There is no è in font nullfont!
Missing character: There is no Ë in font nullfont!
Missing character: There is no ° in font nullfont!
Missing character: There is no ® in font nullfont!
Missing character: There is no Á in font nullfont!
Missing character: There is no § in font nullfont!
Missing character: There is no ∫ in font nullfont!
Missing character: There is no Ë in font nullfont!
Missing character: There is no ¢ in font nullfont!
Missing character: There is no ´ in font nullfont!
Missing character: There is no Á in font nullfont!
Missing character: There is no î in font nullfont!
Missing character: There is no ® in font nullfont!
Missing character: There is no ‰ in font nullfont!
Missing character: There is no ∫ in font nullfont!
Missing character: There is no é in font nullfont!
Missing character: There is no ‰ in font nullfont!
Missing character: There is no ø in font nullfont!
Missing character: There is no ° in font nullfont!
Missing character: There is no Â in font nullfont!
Missing character: There is no è in font nullfont!
Missing character: There is no ∑ in font nullfont!
Missing character: There is no Â in font nullfont!
Missing character: There is no é in font nullfont!
Missing character: There is no ã in font nullfont!
Missing character: There is no Á in font nullfont!
Missing character: There is no º in font nullfont!
Missing character: There is no © in font nullfont!
Missing character: There is no Â in font nullfont!
Missing character: There is no í in font nullfont!
Missing character: There is no å in font nullfont!
Missing character: There is no Á in font nullfont!
Missing character: There is no º in font nullfont!
Missing character: There is no ñ in font nullfont!
Missing character: There is no Á in font nullfont!
Missing character: There is no † in font nullfont!
Missing character: There is no Å in font nullfont!
Missing character: There is no [ in font nullfont!
\citation{marcellin2000overview}
! Undefined control sequence.
<write> ...: Citation `\@citeb ' on page \thepage 
                                                  \space undefined\on@line .
l.3 ...ÂéãÁº©ÂíåÁºñÁ†Å\cite{marcellin2000overview}
                                                  ,ÂõæÁâáÂéªÂô™\cite{elad200...
The control sequence at the end of the top line
of your error message was never \def'ed. If you have
misspelled it (e.g., `\hobx'), type `I' and the correct
spelling (e.g., `I\hbox'). Otherwise just continue,
and I'll forget about whatever was undefined.


LaTeX Warning: Citation `marcellin2000overview' on page  undefined on input lin
e 3.

Missing character: There is no ] in font nullfont!
Missing character: There is no , in font nullfont!
Missing character: There is no Â in font nullfont!
Missing character: There is no õ in font nullfont!
Missing character: There is no æ in font nullfont!
Missing character: There is no Á in font nullfont!
Missing character: There is no â in font nullfont!
Missing character: There is no á in font nullfont!
Missing character: There is no Â in font nullfont!
Missing character: There is no é in font nullfont!
Missing character: There is no ª in font nullfont!
Missing character: There is no Â in font nullfont!
Missing character: There is no ô in font nullfont!
Missing character: There is no ™ in font nullfont!
Missing character: There is no [ in font nullfont!
\citation{elad2006image}
! Undefined control sequence.
<write> ...: Citation `\@citeb ' on page \thepage 
                                                  \space undefined\on@line .
l.3 ...0overview},ÂõæÁâáÂéªÂô™\cite{elad2006image}
                                                  ,ÂõæÁâáË∂ÖÂÉèÁ¥†ÂõæÁâáË∂ÖÂ...
The control sequence at the end of the top line
of your error message was never \def'ed. If you have
misspelled it (e.g., `\hobx'), type `I' and the correct
spelling (e.g., `I\hbox'). Otherwise just continue,
and I'll forget about whatever was undefined.


LaTeX Warning: Citation `elad2006image' on page  undefined on input line 3.

Missing character: There is no ] in font nullfont!
Missing character: There is no , in font nullfont!
Missing character: There is no Â in font nullfont!
Missing character: There is no õ in font nullfont!
Missing character: There is no æ in font nullfont!
Missing character: There is no Á in font nullfont!
Missing character: There is no â in font nullfont!
Missing character: There is no á in font nullfont!
Missing character: There is no Ë in font nullfont!
Missing character: There is no ∂ in font nullfont!
Missing character: There is no Ö in font nullfont!
Missing character: There is no Â in font nullfont!
Missing character: There is no É in font nullfont!
Missing character: There is no è in font nullfont!
Missing character: There is no Á in font nullfont!
Missing character: There is no ¥ in font nullfont!
Missing character: There is no † in font nullfont!
Missing character: There is no Â in font nullfont!
Missing character: There is no õ in font nullfont!
Missing character: There is no æ in font nullfont!
Missing character: There is no Á in font nullfont!
Missing character: There is no â in font nullfont!
Missing character: There is no á in font nullfont!
Missing character: There is no Ë in font nullfont!
Missing character: There is no ∂ in font nullfont!
Missing character: There is no Ö in font nullfont!
Missing character: There is no Â in font nullfont!
Missing character: There is no É in font nullfont!
Missing character: There is no è in font nullfont!
Missing character: There is no Á in font nullfont!
Missing character: There is no ¥ in font nullfont!
Missing character: There is no † in font nullfont!
Missing character: There is no [ in font nullfont!
\citation{yang2008image}
! Undefined control sequence.
<write> ...: Citation `\@citeb ' on page \thepage 
                                                  \space undefined\on@line .
l.3 ...∂ÖÂÉèÁ¥†ÂõæÁâáË∂ÖÂÉèÁ¥†\cite{yang2008image}
                                                  „ÄÇÂú®Ê®°ÂºèËØÜÂà´È¢ÜÂüüÔº...
The control sequence at the end of the top line
of your error message was never \def'ed. If you have
misspelled it (e.g., `\hobx'), type `I' and the correct
spelling (e.g., `I\hbox'). Otherwise just continue,
and I'll forget about whatever was undefined.


LaTeX Warning: Citation `yang2008image' on page  undefined on input line 3.

Missing character: There is no ] in font nullfont!
Missing character: There is no „ in font nullfont!
Missing character: There is no Ä in font nullfont!
Missing character: There is no Ç in font nullfont!
Missing character: There is no Â in font nullfont!
Missing character: There is no ú in font nullfont!
Missing character: There is no ® in font nullfont!
Missing character: There is no Ê in font nullfont!
Missing character: There is no ® in font nullfont!
Missing character: There is no ° in font nullfont!
Missing character: There is no Â in font nullfont!
Missing character: There is no º in font nullfont!
Missing character: There is no è in font nullfont!
Missing character: There is no Ë in font nullfont!
Missing character: There is no Ø in font nullfont!
Missing character: There is no Ü in font nullfont!
Missing character: There is no Â in font nullfont!
Missing character: There is no à in font nullfont!
Missing character: There is no ´ in font nullfont!
Missing character: There is no È in font nullfont!
Missing character: There is no ¢ in font nullfont!
Missing character: There is no Ü in font nullfont!
Missing character: There is no Â in font nullfont!
Missing character: There is no ü in font nullfont!
Missing character: There is no ü in font nullfont!
Missing character: There is no Ô in font nullfont!
Missing character: There is no º in font nullfont!
Missing character: There is no å in font nullfont!
Missing character: There is no Á in font nullfont!
Missing character: There is no ® in font nullfont!
Missing character: There is no Ä in font nullfont!
Missing character: There is no Á in font nullfont!
Missing character: There is no ñ in font nullfont!
Missing character: There is no è in font nullfont!
Missing character: There is no Ë in font nullfont!
Missing character: There is no ° in font nullfont!
Missing character: There is no ® in font nullfont!
Missing character: There is no Á in font nullfont!
Missing character: There is no § in font nullfont!
Missing character: There is no ∫ in font nullfont!
Missing character: There is no Ë in font nullfont!
Missing character: There is no ¢ in font nullfont!
Missing character: There is no ´ in font nullfont!
Missing character: There is no Á in font nullfont!
Missing character: There is no î in font nullfont!
Missing character: There is no ® in font nullfont!
Missing character: There is no ‰ in font nullfont!
Missing character: There is no ∫ in font nullfont!
Missing character: There is no é in font nullfont!
Missing character: There is no Á in font nullfont!
Missing character: There is no õ in font nullfont!
Missing character: There is no Æ in font nullfont!
Missing character: There is no Ê in font nullfont!
Missing character: There is no † in font nullfont!
Missing character: There is no á in font nullfont!
Missing character: There is no Ë in font nullfont!
Missing character: There is no Ø in font nullfont!
Missing character: There is no Ü in font nullfont!
Missing character: There is no Â in font nullfont!
Missing character: There is no à in font nullfont!
Missing character: There is no ´ in font nullfont!
Missing character: There is no Â in font nullfont!
Missing character: There is no í in font nullfont!
Missing character: There is no å in font nullfont!
Missing character: There is no Â in font nullfont!
Missing character: There is no à in font nullfont!
Missing character: There is no Ü in font nullfont!
Missing character: There is no Á in font nullfont!
Missing character: There is no ± in font nullfont!
Missing character: There is no ª in font nullfont!
Missing character: There is no ‰ in font nullfont!
Missing character: There is no ª in font nullfont!
Missing character: There is no ª in font nullfont!
Missing character: There is no Â in font nullfont!
Missing character: There is no ä in font nullfont!
Missing character: There is no ° in font nullfont!
Missing character: There is no [ in font nullfont!
\citation{huang2006sparse}
! Undefined control sequence.
<write> ...: Citation `\@citeb ' on page \thepage 
                                                  \space undefined\on@line .
l.3 ...\cite{huang2006sparse,davenport2007smashed}
                                                  
The control sequence at the end of the top line
of your error message was never \def'ed. If you have
misspelled it (e.g., `\hobx'), type `I' and the correct
spelling (e.g., `I\hbox'). Otherwise just continue,
and I'll forget about whatever was undefined.


LaTeX Warning: Citation `huang2006sparse' on page  undefined on input line 3.

Missing character: There is no , in font nullfont!
\citation{davenport2007smashed}
! Undefined control sequence.
<write> ...: Citation `\@citeb ' on page \thepage 
                                                  \space undefined\on@line .
l.3 ...\cite{huang2006sparse,davenport2007smashed}
                                                  
The control sequence at the end of the top line
of your error message was never \def'ed. If you have
misspelled it (e.g., `\hobx'), type `I' and the correct
spelling (e.g., `I\hbox'). Otherwise just continue,
and I'll forget about whatever was undefined.


LaTeX Warning: Citation `davenport2007smashed' on page  undefined on input line
 3.

Missing character: There is no ] in font nullfont!
! Undefined control sequence.
l.4 \subsection
               {Â±ÄÈÉ®ÊäïÂΩ±‰øùÊåÅ}
The control sequence at the end of the top line
of your error message was never \def'ed. If you have
misspelled it (e.g., `\hobx'), type `I' and the correct
spelling (e.g., `I\hbox'). Otherwise just continue,
and I'll forget about whatever was undefined.

Missing character: There is no Â in font nullfont!
Missing character: There is no ± in font nullfont!
Missing character: There is no Ä in font nullfont!
Missing character: There is no È in font nullfont!
Missing character: There is no É in font nullfont!
Missing character: There is no ® in font nullfont!
Missing character: There is no Ê in font nullfont!
Missing character: There is no ä in font nullfont!
Missing character: There is no ï in font nullfont!
Missing character: There is no Â in font nullfont!
Missing character: There is no Ω in font nullfont!
Missing character: There is no ± in font nullfont!
Missing character: There is no ‰ in font nullfont!
Missing character: There is no ø in font nullfont!
Missing character: There is no ù in font nullfont!
Missing character: There is no Ê in font nullfont!
Missing character: There is no å in font nullfont!
Missing character: There is no Å in font nullfont!
! Undefined control sequence.
l.5 \subsection
               {Ê†∏ÂáΩÊï∞}
The control sequence at the end of the top line
of your error message was never \def'ed. If you have
misspelled it (e.g., `\hobx'), type `I' and the correct
spelling (e.g., `I\hbox'). Otherwise just continue,
and I'll forget about whatever was undefined.

Missing character: There is no Ê in font nullfont!
Missing character: There is no † in font nullfont!
Missing character: There is no ∏ in font nullfont!
Missing character: There is no Â in font nullfont!
Missing character: There is no á in font nullfont!
Missing character: There is no Ω in font nullfont!
Missing character: There is no Ê in font nullfont!
Missing character: There is no ï in font nullfont!
Missing character: There is no ∞ in font nullfont!
)
! Emergency stop.
<*> chapter02.tex
                 
*** (job aborted, no legal \end found)

 
Here is how much of TeX's memory you used:
 14 strings out of 493089
 269 string characters out of 6134842
 53199 words of memory out of 5000000
 3598 multiletter control sequences out of 15000+600000
 3948 words of font info for 15 fonts, out of 8000000 for 9000
 1141 hyphenation exceptions out of 8191
 20i,2n,26p,582b,93s stack positions out of 5000i,500n,10000p,200000b,80000s
!  ==> Fatal error occurred, no output PDF file produced!
